Build started 9/19/2014 1:13:07 AM.
     1>Project "C:\Users\Ericp_000\Laptop Backup\Documents\Visual Studio 2012\oryx2\oryx\oryx\oryx.vcxproj" on node 2 (Build target(s)).
     1>ClCompile:
         C:\Program Files (x86)\Microsoft Visual Studio 11.0\VC\bin\CL.exe /c /I"C:\SFML-2.1\include" /ZI /nologo /W3 /WX- /sdl /Od /Oy- /D WIN32 /D _DEBUG /D _CONSOLE /D _UNICODE /D UNICODE /Gm /EHsc /RTC1 /MTd /GS /fp:precise /Zc:wchar_t /Zc:forScope /Fo"Debug\\" /Fd"Debug\vc110.pdb" /Gd /TP /analyze- /errorReport:prompt main.cpp
         main.cpp
     1>c:\users\ericp_000\laptop backup\documents\visual studio 2012\oryx2\oryx\oryx\drawmap.h(68): warning C4244: 'argument' : conversion from 'int' to 'float', possible loss of data
     1>c:\users\ericp_000\laptop backup\documents\visual studio 2012\oryx2\oryx\oryx\drawmap.h(69): warning C4244: 'argument' : conversion from 'int' to 'float', possible loss of data
     1>c:\users\ericp_000\laptop backup\documents\visual studio 2012\oryx2\oryx\oryx\drawmap.h(70): warning C4244: 'argument' : conversion from 'int' to 'float', possible loss of data
     1>c:\users\ericp_000\laptop backup\documents\visual studio 2012\oryx2\oryx\oryx\drawmap.h(71): warning C4244: 'argument' : conversion from 'int' to 'float', possible loss of data
       Link:
         C:\Program Files (x86)\Microsoft Visual Studio 11.0\VC\bin\link.exe /ERRORREPORT:PROMPT /OUT:"C:\Users\Ericp_000\Laptop Backup\Documents\Visual Studio 2012\oryx2\oryx\Debug\oryx.exe" /INCREMENTAL /NOLOGO /LIBPATH:"C:\SFML-2.1\lib" "sfml-system-d.lib" "sfml-graphics-d.lib" "sfml-window-d.lib" "sfml-network-d.lib" "sfml-audio-d.lib" kernel32.lib user32.lib gdi32.lib winspool.lib comdlg32.lib advapi32.lib shell32.lib ole32.lib oleaut32.lib uuid.lib odbc32.lib odbccp32.lib kernel32.lib user32.lib gdi32.lib winspool.lib comdlg32.lib advapi32.lib shell32.lib ole32.lib oleaut32.lib uuid.lib odbc32.lib odbccp32.lib /MANIFEST /MANIFESTUAC:"level='asInvoker' uiAccess='false'" /manifest:embed /DEBUG /PDB:"C:\Users\Ericp_000\Laptop Backup\Documents\Visual Studio 2012\oryx2\oryx\Debug\oryx.pdb" /SUBSYSTEM:CONSOLE /TLBID:1 /DYNAMICBASE /NXCOMPAT /IMPLIB:"C:\Users\Ericp_000\Laptop Backup\Documents\Visual Studio 2012\oryx2\oryx\Debug\oryx.lib" /MACHINE:X86 Debug\drawmap.obj
         Debug\main.obj
         Debug\object.obj
         Debug\object_npc.obj
         Debug\object_player.obj
         Debug\player_projectile.obj
         oryx.vcxproj -> C:\Users\Ericp_000\Laptop Backup\Documents\Visual Studio 2012\oryx2\oryx\Debug\oryx.exe
     1>Done Building Project "C:\Users\Ericp_000\Laptop Backup\Documents\Visual Studio 2012\oryx2\oryx\oryx\oryx.vcxproj" (Build target(s)).

Build succeeded.

Time Elapsed 00:00:00.85
